<?xml version="1.0" encoding="UTF-8"?>
<coverage generated="1738858374489" clover="3.2.0">
  <project timestamp="1738858374489" name="All files">
    <metrics statements="13" coveredstatements="13" conditionals="3" coveredconditionals="3" methods="3" coveredmethods="3" elements="19" coveredelements="19" complexity="0" loc="13" ncloc="13" packages="1" files="1" classes="1"/>
    <file name="RateLimiter.ts" path="/home/runner/work/api-rate-limit/api-rate-limit/src/RateLimiter.ts">
      <metrics statements="13" coveredstatements="13" conditionals="3" coveredconditionals="3" methods="3" coveredmethods="3"/>
      <line num="41" count="4" type="stmt"/>
      <line num="42" count="4" type="stmt"/>
      <line num="43" count="4" type="stmt"/>
      <line num="52" count="17" type="stmt"/>
      <line num="53" count="17" type="cond" truecount="2" falsecount="0"/>
      <line num="55" count="17" type="stmt"/>
      <line num="56" count="24" type="stmt"/>
      <line num="59" count="17" type="cond" truecount="1" falsecount="0"/>
      <line num="60" count="3" type="stmt"/>
      <line num="63" count="14" type="stmt"/>
      <line num="64" count="14" type="stmt"/>
      <line num="65" count="14" type="stmt"/>
      <line num="69" count="1" type="stmt"/>
    </file>
  </project>
</coverage>
