{"/home/runner/work/api-rate-limit/api-rate-limit/src/RateLimiter.ts": {"path":"/home/runner/work/api-rate-limit/api-rate-limit/src/RateLimiter.ts","statementMap":{"0":{"start":{"line":69,"column":4},"end":{"line":69,"column":37}},"1":{"start":{"line":70,"column":4},"end":{"line":70,"column":43}},"2":{"start":{"line":71,"column":4},"end":{"line":71,"column":30}},"3":{"start":{"line":89,"column":16},"end":{"line":89,"column":26}},"4":{"start":{"line":90,"column":23},"end":{"line":90,"column":54}},"5":{"start":{"line":92,"column":31},"end":{"line":93,"column":null}},"6":{"start":{"line":93,"column":21},"end":{"line":93,"column":52}},"7":{"start":{"line":96,"column":4},"end":{"line":98,"column":5}},"8":{"start":{"line":97,"column":6},"end":{"line":97,"column":19}},"9":{"start":{"line":100,"column":4},"end":{"line":100,"column":33}},"10":{"start":{"line":101,"column":4},"end":{"line":101,"column":50}},"11":{"start":{"line":102,"column":4},"end":{"line":102,"column":16}},"12":{"start":{"line":106,"column":0},"end":{"line":106,"column":27}}},"fnMap":{"0":{"name":"(anonymous_0)","decl":{"start":{"line":68,"column":2},"end":{"line":68,"column":14}},"loc":{"start":{"line":68,"column":39},"end":{"line":72,"column":3}}},"1":{"name":"(anonymous_1)","decl":{"start":{"line":88,"column":2},"end":{"line":88,"column":11}},"loc":{"start":{"line":88,"column":26},"end":{"line":103,"column":3}}},"2":{"name":"(anonymous_2)","decl":{"start":{"line":93,"column":6},"end":{"line":93,"column":7}},"loc":{"start":{"line":93,"column":21},"end":{"line":93,"column":52}}}},"branchMap":{"0":{"loc":{"start":{"line":90,"column":23},"end":{"line":90,"column":54}},"type":"binary-expr","locations":[{"start":{"line":90,"column":23},"end":{"line":90,"column":48}},{"start":{"line":90,"column":52},"end":{"line":90,"column":54}}]},"1":{"loc":{"start":{"line":96,"column":4},"end":{"line":98,"column":5}},"type":"if","locations":[{"start":{"line":96,"column":4},"end":{"line":98,"column":5}}]}},"s":{"0":4,"1":4,"2":4,"3":17,"4":17,"5":17,"6":24,"7":17,"8":3,"9":14,"10":14,"11":14,"12":1},"f":{"0":4,"1":17,"2":24},"b":{"0":[17,5],"1":[3]}}
}
