{"/home/runner/work/api-rate-limit/api-rate-limit/src/RateLimiter.ts": {"path":"/home/runner/work/api-rate-limit/api-rate-limit/src/RateLimiter.ts","statementMap":{"0":{"start":{"line":12,"column":4},"end":{"line":12,"column":37}},"1":{"start":{"line":13,"column":4},"end":{"line":13,"column":43}},"2":{"start":{"line":14,"column":4},"end":{"line":14,"column":30}},"3":{"start":{"line":18,"column":16},"end":{"line":18,"column":26}},"4":{"start":{"line":19,"column":23},"end":{"line":19,"column":54}},"5":{"start":{"line":21,"column":31},"end":{"line":22,"column":null}},"6":{"start":{"line":22,"column":21},"end":{"line":22,"column":52}},"7":{"start":{"line":25,"column":4},"end":{"line":27,"column":5}},"8":{"start":{"line":26,"column":6},"end":{"line":26,"column":19}},"9":{"start":{"line":29,"column":4},"end":{"line":29,"column":33}},"10":{"start":{"line":30,"column":4},"end":{"line":30,"column":50}},"11":{"start":{"line":31,"column":4},"end":{"line":31,"column":16}},"12":{"start":{"line":35,"column":0},"end":{"line":35,"column":27}}},"fnMap":{"0":{"name":"(anonymous_0)","decl":{"start":{"line":11,"column":2},"end":{"line":11,"column":14}},"loc":{"start":{"line":11,"column":39},"end":{"line":15,"column":3}}},"1":{"name":"(anonymous_1)","decl":{"start":{"line":17,"column":2},"end":{"line":17,"column":11}},"loc":{"start":{"line":17,"column":26},"end":{"line":32,"column":3}}},"2":{"name":"(anonymous_2)","decl":{"start":{"line":22,"column":6},"end":{"line":22,"column":7}},"loc":{"start":{"line":22,"column":21},"end":{"line":22,"column":52}}}},"branchMap":{"0":{"loc":{"start":{"line":19,"column":23},"end":{"line":19,"column":54}},"type":"binary-expr","locations":[{"start":{"line":19,"column":23},"end":{"line":19,"column":48}},{"start":{"line":19,"column":52},"end":{"line":19,"column":54}}]},"1":{"loc":{"start":{"line":25,"column":4},"end":{"line":27,"column":5}},"type":"if","locations":[{"start":{"line":25,"column":4},"end":{"line":27,"column":5}}]}},"s":{"0":4,"1":4,"2":4,"3":17,"4":17,"5":17,"6":24,"7":17,"8":3,"9":14,"10":14,"11":14,"12":1},"f":{"0":4,"1":17,"2":24},"b":{"0":[17,5],"1":[3]}}
}
